生成启动时间为 2015/1/11 11:48:05。
     1>项目“F:\project\Hero Of Tower\Hero-Of-Tower\trunk\Project\Hero Of Tower\Hero Of Tower.vcxproj”在节点 2 上(Build 个目标)。
     1>C:\Program Files (x86)\MSBuild\Microsoft.Cpp\v4.0\V120\Microsoft.CppBuild.targets(357,5): warning MSB8004: Output Directory does not end with a trailing slash.  This build instance will add the slash as it is required to allow proper evaluation of the Output Directory.
     1>ClCompile:
         D:\Program Files (x86)\Microsoft Visual Studio 12.0\VC\bin\CL.exe /c /ZI /nologo /W3 /WX- /Od /Oy- /D WIN32 /D _DEBUG /D _CONSOLE /D _LIB /D _MBCS /Gm /EHsc /RTC1 /MDd /GS /fp:precise /Zc:wchar_t /Zc:forScope /Fo"Debug\\" /Fd"Debug\vc120.pdb" /Gd /TP /analyze- /errorReport:prompt ..\..\Source\AppMain\MyApp.cpp ..\..\Source\AppMain\main.cpp
         MyApp.cpp
         正在生成代码...
         正在编译...
         main.cpp
         正在生成代码...
       Link:
         D:\Program Files (x86)\Microsoft Visual Studio 12.0\VC\bin\link.exe /ERRORREPORT:PROMPT /OUT:"..\..\Bin\Hero Of Tower.exe" /INCREMENTAL /NOLOGO kernel32.lib user32.lib gdi32.lib winspool.lib comdlg32.lib advapi32.lib shell32.lib ole32.lib oleaut32.lib uuid.lib odbc32.lib odbccp32.lib /MANIFEST /MANIFESTUAC:"level='asInvoker' uiAccess='false'" /manifest:embed /DEBUG /PDB:"..\..\Bin\Hero Of Tower.pdb" /SUBSYSTEM:CONSOLE /TLBID:1 /DYNAMICBASE /NXCOMPAT /IMPLIB:"..\..\Bin\Hero Of Tower.lib" /MACHINE:X86 Debug\main.obj
         Debug\MyApp.obj
         Debug\Application.obj
         Debug\button.obj
         Debug\controlpart.obj
         Debug\label.obj
         Debug\listbox.obj
         Debug\Window.obj
         Hero Of Tower.vcxproj -> F:\project\Hero Of Tower\Hero-Of-Tower\trunk\Project\Hero Of Tower\..\..\Bin\Hero Of Tower.exe
     1>已完成生成项目“F:\project\Hero Of Tower\Hero-Of-Tower\trunk\Project\Hero Of Tower\Hero Of Tower.vcxproj”(Build 个目标)的操作。

生成成功。

已用时间 00:00:01.62
